<?xml version="1.0" encoding="UTF-8"?>
<!-- Generated by org.testng.reporters.JUnitReportReporter -->
<testsuite hostname="DESKTOP-EBDHIKE" failures="0" tests="1" name="Java.reverseString" time="0.007" errors="0" timestamp="2025-03-08T11:57:21 IST" skipped="0">
  <testcase classname="Java.reverseString" name="AMethod" time="0.007"/>
</testsuite> <!-- Java.reverseString -->
