<?xml version="1.0" encoding="UTF-8"?>
<!-- Generated by org.testng.reporters.JUnitReportReporter -->
<testsuite hostname="DESKTOP-EBDHIKE" failures="0" tests="2" name="TestNG.MyTest" time="0.010" errors="0" timestamp="2025-04-15T10:03:14 IST" skipped="0">
  <testcase classname="TestNG.MyTest" name="test1" time="0.006"/>
  <testcase classname="TestNG.MyTest" name="test2" time="0.004"/>
</testsuite> <!-- TestNG.MyTest -->
